<?xml version="1.0" encoding="UTF-8"?>
<testng-results ignored="0" total="1" passed="1" failed="0" skipped="0">
  <reporter-output>
  </reporter-output>
  <suite started-at="2024-12-08T07:42:30 IST" name="Default suite" finished-at="2024-12-08T07:42:36 IST" duration-ms="6066">
    <groups>
    </groups>
    <test started-at="2024-12-08T07:42:30 IST" name="Default test" finished-at="2024-12-08T07:42:36 IST" duration-ms="6066">
      <class name="basic.TestNG">
        <test-method is-config="true" signature="beforeTest()[pri:0, instance:basic.TestNG@f6efaab]" started-at="2024-12-08T07:42:30 IST" name="beforeTest" finished-at="2024-12-08T07:42:36 IST" duration-ms="6020" status="PASS">
          <reporter-output>
          </reporter-output>
        </test-method> <!-- beforeTest -->
        <test-method signature="pageTittleValidation()[pri:0, instance:basic.TestNG@f6efaab]" started-at="2024-12-08T07:42:36 IST" name="pageTittleValidation" finished-at="2024-12-08T07:42:36 IST" duration-ms="17" status="PASS">
          <reporter-output>
          </reporter-output>
        </test-method> <!-- pageTittleValidation -->
        <test-method is-config="true" signature="afterTest()[pri:0, instance:basic.TestNG@f6efaab]" started-at="2024-12-08T07:42:36 IST" name="afterTest" finished-at="2024-12-08T07:42:36 IST" duration-ms="0" status="PASS">
          <reporter-output>
          </reporter-output>
        </test-method> <!-- afterTest -->
      </class> <!-- basic.TestNG -->
    </test> <!-- Default test -->
  </suite> <!-- Default suite -->
</testng-results>
